2024-06-19T02:34:12.961Z - success: protocol editor-framework registered
2024-06-19T02:34:12.962Z - success: protocol app registered
2024-06-19T02:34:12.962Z - success: protocol theme registered
2024-06-19T02:34:12.962Z - success: protocol packages registered
2024-06-19T02:34:12.978Z - normal: Load ~/.CocosCreator/settings.json
2024-06-19T02:34:13.000Z - success: protocol uuid registerred
2024-06-19T02:34:13.000Z - success: protocol db registerred
2024-06-19T02:34:13.000Z - success: protocol thumbnail registerred
2024-06-19T02:34:13.091Z - normal: Initializing Asset Database
2024-06-19T02:34:13.095Z - normal: checking language setting...
2024-06-19T02:34:13.095Z - normal: Language: zh
2024-06-19T02:34:13.098Z - success: protocol unpack registerred
2024-06-19T02:34:13.098Z - success: protocol disable-commonjs registerred
2024-06-19T02:34:13.620Z - normal: connected!
2024-06-19T02:34:13.733Z - normal: Check project /Users/a1/FruitsGoal_Ad
2024-06-19T02:34:13.734Z - normal: Initializing project /Users/a1/FruitsGoal_Ad
2024-06-19T02:34:13.988Z - success: adapters loaded
2024-06-19T02:34:13.993Z - success: asset-db-debugger loaded
2024-06-19T02:34:14.083Z - success: fb-audience-network loaded
2024-06-19T02:34:14.131Z - success: fb-live-stream loaded
2024-06-19T02:34:14.134Z - success: google-play-instant loaded
2024-06-19T02:34:14.135Z - success: jsb-adapter loaded
2024-06-19T02:34:14.139Z - success: package-manager loaded
2024-06-19T02:34:14.141Z - success: runtime-adapters loaded
2024-06-19T02:34:14.145Z - success: runtime-dev-tools loaded
2024-06-19T02:34:14.149Z - success: ui-kit-preview-extra loaded
2024-06-19T02:34:14.154Z - success: ui-kit-preview loaded
2024-06-19T02:34:14.979Z - success: alipay-minigame loaded
2024-06-19T02:34:14.985Z - success: assets loaded
2024-06-19T02:34:14.988Z - success: baidugame-opendata loaded
2024-06-19T02:34:14.990Z - success: baidugame loaded
2024-06-19T02:34:14.995Z - success: builder loaded
2024-06-19T02:34:14.998Z - success: bytedance-opendata loaded
2024-06-19T02:34:15.000Z - success: bytedance loaded
2024-06-19T02:34:15.006Z - success: channel-upload-tools loaded
2024-06-19T02:34:15.175Z - success: cloud-function loaded
2024-06-19T02:34:15.366Z - success: cocos-services loaded
2024-06-19T02:34:15.369Z - success: console loaded
2024-06-19T02:34:15.371Z - success: curve-editor loaded
2024-06-19T02:34:15.383Z - success: fb-instant-games loaded
2024-06-19T02:34:15.386Z - success: game-window loaded
2024-06-19T02:34:15.388Z - success: google-instant-games loaded
2024-06-19T02:34:15.393Z - success: hierarchy loaded
2024-06-19T02:34:15.396Z - success: huawei-agc loaded
2024-06-19T02:34:15.400Z - success: huawei-runtime loaded
2024-06-19T02:34:15.404Z - success: inspector loaded
2024-06-19T02:34:15.420Z - success: cpk-publish loaded
2024-06-19T02:34:15.421Z - success: keystore loaded
2024-06-19T02:34:15.437Z - success: link-sure-runtime loaded
2024-06-19T02:34:15.447Z - success: node-library loaded
2024-06-19T02:34:15.448Z - success: open-recent-items loaded
2024-06-19T02:34:15.452Z - success: oppo-runtime loaded
2024-06-19T02:34:15.454Z - success: package-asset loaded
2024-06-19T02:34:15.455Z - success: preferences loaded
2024-06-19T02:34:15.459Z - success: project-importer loaded
2024-06-19T02:34:15.462Z - success: project-settings loaded
2024-06-19T02:34:15.478Z - success: qtt-runtime loaded
2024-06-19T02:34:15.482Z - success: scene loaded
2024-06-19T02:34:15.483Z - success: simulator-debugger loaded
2024-06-19T02:34:15.484Z - success: sprite-editor loaded
2024-06-19T02:34:15.559Z - success: store loaded
2024-06-19T02:34:15.563Z - success: taobao-creativeapp loaded
2024-06-19T02:34:15.567Z - success: timeline loaded
2024-06-19T02:34:15.572Z - success: vivo-runtime loaded
2024-06-19T02:34:15.574Z - success: wechatgame-opendata loaded
2024-06-19T02:34:15.578Z - success: wechatgame loaded
2024-06-19T02:34:15.583Z - success: xiaomi-runtime loaded
2024-06-19T02:34:15.853Z - success: ccc-obfuscated-code loaded
2024-06-19T02:34:15.926Z - success: im-plugin loaded
2024-06-19T02:34:15.982Z - success: playable-ads-adapter loaded
2024-06-19T02:34:15.982Z - warn: The current '7456' preview port is already occupied, the port is automatically incremented
2024-06-19T02:34:15.983Z - success: preview server running at http://localhost:7457
2024-06-19T02:34:16.913Z - normal: Initializing Cocos2d
2024-06-19T02:34:17.236Z - normal: Initializing engine extends
2024-06-19T02:34:18.675Z - info: Cocos Service load base data!
2024-06-19T02:34:22.169Z - normal: Loading packages
2024-06-19T02:34:22.172Z - normal: Run Application
2024-06-19T02:34:27.021Z - success: cloud-function unloaded
2024-06-19T02:53:30.296Z - normal: 开始构建项目，导出web-mobile包
2024-06-19T02:53:30.298Z - normal: Start building with options : {
  "title": "2048balls",
  "packageName": "org.cocos2d.demo",
  "startScene": "8b0bee6c-3a09-43df-9af8-37b078730f02",
  "excludeScenes": [
    "40205477-7e47-4b3b-b771-eb8db88d5a00"
  ],
  "orientation": {
    "landscapeRight": false,
    "landscapeLeft": false,
    "portrait": true,
    "upsideDown": false
  },
  "webOrientation": "auto",
  "inlineSpriteFrames": false,
  "inlineSpriteFrames_native": false,
  "mainCompressionType": "default",
  "mainIsRemote": false,
  "optimizeHotUpdate": false,
  "md5Cache": false,
  "encryptJs": true,
  "xxteaKey": "463c7634-fb16-4f",
  "zipCompressJs": true,
  "fb-instant-games": {},
  "android": {
    "packageName": "com.aaud.net.balls",
    "REMOTE_SERVER_ROOT": ""
  },
  "ios": {
    "packageName": "org.cocos2d.demo",
    "REMOTE_SERVER_ROOT": "",
    "ios_enable_jit": true
  },
  "mac": {
    "packageName": "org.cocos2d.demo",
    "REMOTE_SERVER_ROOT": "",
    "width": 1280,
    "height": 720
  },
  "win32": {
    "REMOTE_SERVER_ROOT": "",
    "width": 1280,
    "height": 720
  },
  "android-instant": {
    "packageName": "org.cocos2d.demo",
    "REMOTE_SERVER_ROOT": "",
    "pathPattern": "",
    "scheme": "https",
    "host": "",
    "skipRecord": false,
    "recordPath": ""
  },
  "appBundle": false,
  "agreements": {
    "20200904180755": false,
    "20220901093235": false
  },
  "platform": "web-mobile",
  "actualPlatform": "web-mobile",
  "template": "default",
  "buildPath": "/Users/a1/FruitsGoal_Ad/build",
  "debug": false,
  "sourceMaps": false,
  "embedWebDebugger": false,
  "previewWidth": "1280",
  "previewHeight": "720",
  "useDebugKeystore": true,
  "apiLevel": "android-28",
  "appABIs": [
    "armeabi-v7a",
    "arm64-v8a"
  ],
  "vsVersion": "auto",
  "buildScriptsOnly": false,
  "dest": "/Users/a1/FruitsGoal_Ad/build/web-mobile",
  "scenes": [
    "8b0bee6c-3a09-43df-9af8-37b078730f02"
  ],
  "excludedModules": [
    "DragonBones",
    "NodePool",
    "PageView",
    "PageViewIndicator",
    "Spine Skeleton",
    "Toggle",
    "TiledMap",
    "VideoPlayer",
    "WebView",
    "3D",
    "3D Primitive",
    "3D Physics/cannon.js",
    "3D Physics/Builtin",
    "3D Particle"
  ],
  "project": "/Users/a1/FruitsGoal_Ad",
  "projectName": "2048balls",
  "debugBuildWorker": false
}
2024-06-19T02:53:30.299Z - normal: playable-ads-adapter 进行预构建处理
2024-06-19T02:53:30.299Z - normal: playable-ads-adapter 预构建处理完成
2024-06-19T02:53:30.300Z - normal: Building /Users/a1/FruitsGoal_Ad
2024-06-19T02:53:30.300Z - normal: Destination /Users/a1/FruitsGoal_Ad/build/web-mobile
2024-06-19T02:53:30.423Z - normal: Start spawn build-worker
2024-06-19T02:53:32.459Z - normal: Finish spawn build-worker
2024-06-19T02:53:32.459Z - normal: Delete /Users/a1/FruitsGoal_Ad/build/web-mobile/**/*
2024-06-19T02:53:59.084Z - normal: Compiling /Users/a1/FruitsGoal_Ad
2024-06-19T02:54:00.862Z - normal: Start init build-worker
2024-06-19T02:54:02.522Z - normal: Finish init build-worker
2024-06-19T02:54:02.522Z - normal: Start build-assets in worker
2024-06-19T02:54:02.522Z - normal: 
--- build-asset: {"root":"db://internal/resources","name":"internal","dest":"/Users/a1/FruitsGoal_Ad/build/web-mobile/assets/internal","scriptDest":"/Users/a1/FruitsGoal_Ad/build/web-mobile/assets/internal","priority":11,"scenes":[],"compressionType":"merge_all_json"}

2024-06-19T02:54:02.610Z - normal: 
--- build-asset: {"root":"db://assets/resources","name":"resources","dest":"/Users/a1/FruitsGoal_Ad/build/web-mobile/assets/resources","scriptDest":"/Users/a1/FruitsGoal_Ad/build/web-mobile/assets/resources","priority":8,"scenes":[],"compressionType":"default"}

2024-06-19T02:54:02.912Z - warn: Script attached to "gkpanel" in prefab "gkpanel.prefab" is missing or invalid. Detailed information:
Node path: "gkpanel"
Asset url: "db://assets/resources/prefab/gkpanel.prefab"
Script UUID: "8e83daa7-1d3e-440a-a557-af11d56f2e14"
Class ID: "8e83dqnHT5ECqVXrxHVby4U"

2024-06-19T02:54:02.954Z - warn: Cannot find the asset referenced in "db://assets/resources/prefab/gkpanel.prefab", it may have been deleted. Detailed information:
Node path: "gkpanel/New Sprite"
Used in Component: "cc.Sprite"
uuid: "5b207cc6-6457-4043-991d-2633125347be"
2024-06-19T02:54:02.955Z - warn: Cannot find the asset referenced in "db://assets/resources/prefab/gkpanel.prefab", it may have been deleted. Detailed information:
Node path: "gkpanel/label_reward"
Used in Component: "cc.Label"
uuid: "a8a64681-fd4a-46c4-b1cd-18f21e03717e"
2024-06-19T02:54:02.956Z - warn: Cannot find the asset referenced in "db://assets/resources/prefab/gkpanel.prefab", it may have been deleted. Detailed information:
Node path: "gkpanel/btn_close"
Used in Component: "cc.Sprite"
uuid: "ff73d52b-a720-486a-adaf-c543a97ecc3e"
2024-06-19T02:54:02.957Z - warn: Cannot find the asset referenced in "db://assets/resources/prefab/gkpanel.prefab", it may have been deleted. Detailed information:
Node path: "gkpanel/btn_get/viewsp"
Used in Component: "cc.Sprite"
uuid: "2331b162-d88a-415f-b159-0984bcf1aba1"
2024-06-19T02:54:02.958Z - warn: Cannot find the asset referenced in "db://assets/resources/prefab/gkpanel.prefab", it may have been deleted. Detailed information:
Node path: "gkpanel/btn_get"
Used in Component: "cc.Sprite"
uuid: "626c79ca-06cb-4b80-ba97-89e50fcdb66e"
2024-06-19T02:54:02.959Z - warn: Cannot find the asset referenced in "db://assets/resources/prefab/gkpanel.prefab", it may have been deleted. Detailed information:
Node path: "gkpanel/sp_tipbg"
Used in Component: "cc.Sprite"
uuid: "0d080596-78d2-4cbd-b001-bf3d5c6d5bba"
2024-06-19T02:54:02.960Z - warn: Cannot find the asset referenced in "db://assets/resources/prefab/GradeNoticeBoard.prefab", it may have been deleted. Detailed information:
Node path: "GradeNoticeBoard/bg"
Used in Component: "cc.Sprite"
uuid: "7190b671-92d9-4b56-a7e8-324f9d174728"
2024-06-19T02:54:02.965Z - warn: Cannot find the asset referenced in "db://assets/resources/prefab/TargetqiuPrefab.prefab", it may have been deleted. Detailed information:
Node path: "TargetqiuPrefab/txtNode"
Used in Component: "cc.Sprite"
uuid: "2d975786-6145-41ae-97af-7dd2d61bef96"
2024-06-19T02:54:02.978Z - warn: Cannot find the asset referenced in "db://assets/Ani/txBubble.anim", it may have been deleted. Detailed information:
uuid: "b3b9f8cc-0300-4d13-8cb7-2eef71ffcfa5"
2024-06-19T02:54:02.979Z - warn: Cannot find the asset referenced in "db://assets/Ani/txBubble.anim", it may have been deleted. Detailed information:
uuid: "af321041-6f8d-4d28-b321-b3a6b56f31bf"
2024-06-19T02:54:02.980Z - warn: Cannot find the asset referenced in "db://assets/Ani/txBubble.anim", it may have been deleted. Detailed information:
uuid: "53754c6e-f8d4-446a-a201-67af7f6fba75"
2024-06-19T02:54:02.980Z - warn: Cannot find the asset referenced in "db://assets/Ani/txBubble.anim", it may have been deleted. Detailed information:
uuid: "a3b1755b-06e6-4136-aef3-a404ff91ac39"
2024-06-19T02:54:02.981Z - warn: Cannot find the asset referenced in "db://assets/Ani/txBubble.anim", it may have been deleted. Detailed information:
uuid: "e152fe89-1b24-4c11-8ebd-a999ff7f145f"
2024-06-19T02:54:02.982Z - warn: Cannot find the asset referenced in "db://assets/Ani/txBubble.anim", it may have been deleted. Detailed information:
uuid: "d905dfe8-42f6-4a42-828d-5b76f008bba3"
2024-06-19T02:54:02.983Z - warn: Cannot find the asset referenced in "db://assets/Ani/txBubble.anim", it may have been deleted. Detailed information:
uuid: "3e77f946-a391-4b1a-8ab5-3c7dbe9d63ab"
2024-06-19T02:54:02.983Z - warn: Cannot find the asset referenced in "db://assets/Ani/txBubble.anim", it may have been deleted. Detailed information:
uuid: "398bca7b-3c01-40a5-9620-cfaf3d9057f7"
2024-06-19T02:54:02.984Z - warn: Cannot find the asset referenced in "db://assets/Ani/txBubble.anim", it may have been deleted. Detailed information:
uuid: "95892e87-bcc4-4ead-84d4-55847ca9c2f2"
2024-06-19T02:54:02.985Z - warn: Cannot find the asset referenced in "db://assets/Ani/txBubble.anim", it may have been deleted. Detailed information:
uuid: "7682d560-2849-49b6-90ea-b72369dc420e"
2024-06-19T02:54:02.986Z - warn: Cannot find the asset referenced in "db://assets/Ani/txBubble.anim", it may have been deleted. Detailed information:
uuid: "faa6116d-f6ca-40c0-8eec-3519ef334f84"
2024-06-19T02:54:02.987Z - warn: Cannot find the asset referenced in "db://assets/Ani/txBubble.anim", it may have been deleted. Detailed information:
uuid: "96e3a4cd-3736-41c4-a966-15e6c27ad0d1"
2024-06-19T02:54:02.988Z - warn: Cannot find the asset referenced in "db://assets/Ani/txBubble.anim", it may have been deleted. Detailed information:
uuid: "e88b5d69-8cad-4c33-a98d-29749059e818"
2024-06-19T02:54:02.989Z - warn: Cannot find the asset referenced in "db://assets/Ani/txBubble.anim", it may have been deleted. Detailed information:
uuid: "abc95dc8-aa85-4237-959f-5f95a90438ba"
2024-06-19T02:54:02.990Z - warn: Cannot find the asset referenced in "db://assets/Ani/txBubble.anim", it may have been deleted. Detailed information:
uuid: "e07ad0ce-c4c8-4c6e-8cad-d7675fc39017"
2024-06-19T02:54:02.990Z - warn: Cannot find the asset referenced in "db://assets/Ani/txBubble.anim", it may have been deleted. Detailed information:
uuid: "aff52591-f5e9-46c2-8b72-41fe4c8a0165"
2024-06-19T02:54:02.991Z - warn: Cannot find the asset referenced in "db://assets/Ani/txBubble.anim", it may have been deleted. Detailed information:
uuid: "4e298dba-a94b-455a-9c68-9270716969c4"
2024-06-19T02:54:02.992Z - warn: Cannot find the asset referenced in "db://assets/Ani/txBubble.anim", it may have been deleted. Detailed information:
uuid: "1595508b-c437-442f-b79e-b1a5355a0b46"
2024-06-19T02:54:02.993Z - warn: Cannot find the asset referenced in "db://assets/Ani/txBubble.anim", it may have been deleted. Detailed information:
uuid: "895a0e4f-16ab-41ea-aef6-124aca413fed"
2024-06-19T02:54:02.994Z - warn: Cannot find the asset referenced in "db://assets/Ani/txBubble.anim", it may have been deleted. Detailed information:
uuid: "375c9116-cf3b-4b7a-8ff0-0cad4fa8e7ea"
2024-06-19T02:54:02.995Z - warn: Cannot find the asset referenced in "db://assets/Ani/txBubble.anim", it may have been deleted. Detailed information:
uuid: "95bab64d-40c0-4ada-a359-dabeaac63187"
2024-06-19T02:54:02.996Z - warn: Cannot find the asset referenced in "db://assets/Ani/txBubble.anim", it may have been deleted. Detailed information:
uuid: "3c65b934-ebca-4ab1-9194-39187a04c3dc"
2024-06-19T02:54:02.997Z - warn: Cannot find the asset referenced in "db://assets/Ani/txBubble.anim", it may have been deleted. Detailed information:
uuid: "841acf09-72b2-43c4-b128-7140c7a3c436"
2024-06-19T02:54:02.998Z - warn: Cannot find the asset referenced in "db://assets/Ani/txBubble.anim", it may have been deleted. Detailed information:
uuid: "04c3e2a5-45ce-4da1-ac79-95c90b7d70b0"
2024-06-19T02:54:02.999Z - warn: Cannot find the asset referenced in "db://assets/Ani/txBubble.anim", it may have been deleted. Detailed information:
uuid: "a768fc9e-5fec-47b2-84cb-adb4f73787b3"
2024-06-19T02:54:03.000Z - warn: Cannot find the asset referenced in "db://assets/Ani/txBubble.anim", it may have been deleted. Detailed information:
uuid: "59bdf374-b9a6-45c3-9f46-2d2f7db298ba"
2024-06-19T02:54:03.001Z - warn: Cannot find the asset referenced in "db://assets/Ani/txBubble.anim", it may have been deleted. Detailed information:
uuid: "cf56af52-148e-4c33-919e-6f31bf3cc231"
2024-06-19T02:54:03.002Z - warn: Cannot find the asset referenced in "db://assets/Ani/txBubble.anim", it may have been deleted. Detailed information:
uuid: "d6451236-967e-448a-ac81-be6a411c8e9e"
2024-06-19T02:54:03.003Z - warn: Cannot find the asset referenced in "db://assets/Ani/txBubble.anim", it may have been deleted. Detailed information:
uuid: "89d2920e-727c-4861-b0c8-88b71bc4a245"
2024-06-19T02:54:03.003Z - warn: Cannot find the asset referenced in "db://assets/Ani/txBubble.anim", it may have been deleted. Detailed information:
uuid: "aecf5986-79d6-4e3a-9b17-84155967a191"
2024-06-19T02:54:03.004Z - warn: Cannot find the asset referenced in "db://assets/Ani/txBubble.anim", it may have been deleted. Detailed information:
uuid: "e7694fd8-cc1c-478c-bc00-b9b437aacedb"
2024-06-19T02:54:03.005Z - warn: Cannot find the asset referenced in "db://assets/Ani/txBubble.anim", it may have been deleted. Detailed information:
uuid: "9b3c1375-3957-4674-966d-6c155ebbade5"
2024-06-19T02:54:03.006Z - warn: Cannot find the asset referenced in "db://assets/Ani/txBubble.anim", it may have been deleted. Detailed information:
uuid: "1625f209-d6d8-43e8-813b-d552b162e363"
2024-06-19T02:54:03.006Z - warn: Cannot find the asset referenced in "db://assets/Ani/txBubble.anim", it may have been deleted. Detailed information:
uuid: "6b6959b3-9d42-4f2c-a92a-1395564941c9"
2024-06-19T02:54:03.007Z - warn: Cannot find the asset referenced in "db://assets/Ani/txBubble.anim", it may have been deleted. Detailed information:
uuid: "1cc71890-813a-403c-b075-db0cedad24fc"
2024-06-19T02:54:03.008Z - warn: Cannot find the asset referenced in "db://assets/Ani/txBubble.anim", it may have been deleted. Detailed information:
uuid: "e5f1765e-be33-4332-b668-53749b9bf0ce"
2024-06-19T02:54:03.008Z - warn: Cannot find the asset referenced in "db://assets/Ani/txBubble.anim", it may have been deleted. Detailed information:
uuid: "16171d1e-e761-4f15-9edd-e02dd343e968"
2024-06-19T02:54:03.009Z - warn: Cannot find the asset referenced in "db://assets/Ani/txBubble.anim", it may have been deleted. Detailed information:
uuid: "d53f1934-db25-47f7-b989-d84758669a93"
2024-06-19T02:54:03.010Z - warn: Cannot find the asset referenced in "db://assets/Ani/txBubble.anim", it may have been deleted. Detailed information:
uuid: "477dea0d-edae-458f-969f-def9a62ed659"
2024-06-19T02:54:03.061Z - normal: 
--- build-asset: {"root":null,"priority":7,"dest":"/Users/a1/FruitsGoal_Ad/build/web-mobile/assets/main","scriptDest":"/Users/a1/FruitsGoal_Ad/build/web-mobile/assets/main","name":"main","scenes":["8b0bee6c-3a09-43df-9af8-37b078730f02"],"compressionType":"default","optimizeHotUpdate":false,"inlineSpriteFrames":false,"isRemote":false}

2024-06-19T02:54:03.095Z - normal: Finish build-assets in worker
2024-06-19T02:54:03.113Z - normal: Start building plugin scripts
2024-06-19T02:54:03.122Z - normal: Generating main.js from /Applications/CocosCreator/Creator/2.4.11/CocosCreator.app/Contents/Resources/static/build-templates/shares/main.js
2024-06-19T02:54:03.127Z - normal: Generating html from /Applications/CocosCreator/Creator/2.4.11/CocosCreator.app/Contents/Resources/static/build-templates/web-mobile/template/index.html
2024-06-19T02:54:03.140Z - info: playable-ads-adapter 开始适配
2024-06-19T02:54:12.334Z - success: playable-ads-adapter 适配完成，共耗时9秒
2024-06-19T02:54:12.367Z - normal: Built to "/Users/a1/FruitsGoal_Ad/build/web-mobile" successfully
2024-06-19T02:57:25.526Z - normal: 开始构建项目，导出web-mobile包
2024-06-19T02:57:25.529Z - normal: Start building with options : {
  "title": "2048balls",
  "packageName": "org.cocos2d.demo",
  "startScene": "8b0bee6c-3a09-43df-9af8-37b078730f02",
  "excludeScenes": [
    "40205477-7e47-4b3b-b771-eb8db88d5a00"
  ],
  "orientation": {
    "landscapeRight": false,
    "landscapeLeft": false,
    "portrait": true,
    "upsideDown": false
  },
  "webOrientation": "auto",
  "inlineSpriteFrames": false,
  "inlineSpriteFrames_native": false,
  "mainCompressionType": "default",
  "mainIsRemote": false,
  "optimizeHotUpdate": false,
  "md5Cache": false,
  "encryptJs": true,
  "xxteaKey": "463c7634-fb16-4f",
  "zipCompressJs": true,
  "fb-instant-games": {},
  "android": {
    "packageName": "com.aaud.net.balls",
    "REMOTE_SERVER_ROOT": ""
  },
  "ios": {
    "packageName": "org.cocos2d.demo",
    "REMOTE_SERVER_ROOT": "",
    "ios_enable_jit": true
  },
  "mac": {
    "packageName": "org.cocos2d.demo",
    "REMOTE_SERVER_ROOT": "",
    "width": 1280,
    "height": 720
  },
  "win32": {
    "REMOTE_SERVER_ROOT": "",
    "width": 1280,
    "height": 720
  },
  "android-instant": {
    "packageName": "org.cocos2d.demo",
    "REMOTE_SERVER_ROOT": "",
    "pathPattern": "",
    "scheme": "https",
    "host": "",
    "skipRecord": false,
    "recordPath": ""
  },
  "appBundle": false,
  "agreements": {
    "20200904180755": false,
    "20220901093235": false
  },
  "platform": "web-mobile",
  "actualPlatform": "web-mobile",
  "template": "default",
  "buildPath": "/Users/a1/FruitsGoal_Ad/build",
  "debug": false,
  "sourceMaps": false,
  "embedWebDebugger": false,
  "previewWidth": "1280",
  "previewHeight": "720",
  "useDebugKeystore": true,
  "apiLevel": "android-28",
  "appABIs": [
    "armeabi-v7a",
    "arm64-v8a"
  ],
  "vsVersion": "auto",
  "buildScriptsOnly": false,
  "dest": "/Users/a1/FruitsGoal_Ad/build/web-mobile",
  "scenes": [
    "8b0bee6c-3a09-43df-9af8-37b078730f02"
  ],
  "excludedModules": [
    "DragonBones",
    "NodePool",
    "PageView",
    "PageViewIndicator",
    "Spine Skeleton",
    "Toggle",
    "TiledMap",
    "VideoPlayer",
    "WebView",
    "3D",
    "3D Primitive",
    "3D Physics/cannon.js",
    "3D Physics/Builtin",
    "3D Particle"
  ],
  "project": "/Users/a1/FruitsGoal_Ad",
  "projectName": "2048balls",
  "debugBuildWorker": false
}
2024-06-19T02:57:25.530Z - normal: playable-ads-adapter 进行预构建处理
2024-06-19T02:57:25.530Z - normal: playable-ads-adapter 预构建处理完成
2024-06-19T02:57:25.530Z - normal: Building /Users/a1/FruitsGoal_Ad
2024-06-19T02:57:25.530Z - normal: Destination /Users/a1/FruitsGoal_Ad/build/web-mobile
2024-06-19T02:57:25.531Z - normal: Start spawn build-worker
2024-06-19T02:57:27.606Z - normal: Finish spawn build-worker
2024-06-19T02:57:27.606Z - normal: Delete /Users/a1/FruitsGoal_Ad/build/web-mobile/**/*
2024-06-19T02:57:28.948Z - normal: Compiling /Users/a1/FruitsGoal_Ad
2024-06-19T02:57:30.833Z - normal: Start init build-worker
2024-06-19T02:57:32.555Z - normal: Finish init build-worker
2024-06-19T02:57:32.555Z - normal: Start build-assets in worker
2024-06-19T02:57:32.556Z - normal: 
--- build-asset: {"root":"db://internal/resources","name":"internal","dest":"/Users/a1/FruitsGoal_Ad/build/web-mobile/assets/internal","scriptDest":"/Users/a1/FruitsGoal_Ad/build/web-mobile/assets/internal","priority":11,"scenes":[],"compressionType":"merge_all_json"}

2024-06-19T02:57:32.643Z - normal: 
--- build-asset: {"root":"db://assets/resources","name":"resources","dest":"/Users/a1/FruitsGoal_Ad/build/web-mobile/assets/resources","scriptDest":"/Users/a1/FruitsGoal_Ad/build/web-mobile/assets/resources","priority":8,"scenes":[],"compressionType":"default"}

2024-06-19T02:57:32.906Z - warn: Script attached to "gkpanel" in prefab "gkpanel.prefab" is missing or invalid. Detailed information:
Node path: "gkpanel"
Asset url: "db://assets/resources/prefab/gkpanel.prefab"
Script UUID: "8e83daa7-1d3e-440a-a557-af11d56f2e14"
Class ID: "8e83dqnHT5ECqVXrxHVby4U"

2024-06-19T02:57:32.951Z - warn: Cannot find the asset referenced in "db://assets/resources/prefab/gkpanel.prefab", it may have been deleted. Detailed information:
Node path: "gkpanel/New Sprite"
Used in Component: "cc.Sprite"
uuid: "5b207cc6-6457-4043-991d-2633125347be"
2024-06-19T02:57:32.952Z - warn: Cannot find the asset referenced in "db://assets/resources/prefab/gkpanel.prefab", it may have been deleted. Detailed information:
Node path: "gkpanel/label_reward"
Used in Component: "cc.Label"
uuid: "a8a64681-fd4a-46c4-b1cd-18f21e03717e"
2024-06-19T02:57:32.953Z - warn: Cannot find the asset referenced in "db://assets/resources/prefab/gkpanel.prefab", it may have been deleted. Detailed information:
Node path: "gkpanel/btn_close"
Used in Component: "cc.Sprite"
uuid: "ff73d52b-a720-486a-adaf-c543a97ecc3e"
2024-06-19T02:57:32.953Z - warn: Cannot find the asset referenced in "db://assets/resources/prefab/gkpanel.prefab", it may have been deleted. Detailed information:
Node path: "gkpanel/btn_get/viewsp"
Used in Component: "cc.Sprite"
uuid: "2331b162-d88a-415f-b159-0984bcf1aba1"
2024-06-19T02:57:32.954Z - warn: Cannot find the asset referenced in "db://assets/resources/prefab/gkpanel.prefab", it may have been deleted. Detailed information:
Node path: "gkpanel/btn_get"
Used in Component: "cc.Sprite"
uuid: "626c79ca-06cb-4b80-ba97-89e50fcdb66e"
2024-06-19T02:57:32.955Z - warn: Cannot find the asset referenced in "db://assets/resources/prefab/gkpanel.prefab", it may have been deleted. Detailed information:
Node path: "gkpanel/sp_tipbg"
Used in Component: "cc.Sprite"
uuid: "0d080596-78d2-4cbd-b001-bf3d5c6d5bba"
2024-06-19T02:57:32.956Z - warn: Cannot find the asset referenced in "db://assets/resources/prefab/GradeNoticeBoard.prefab", it may have been deleted. Detailed information:
Node path: "GradeNoticeBoard/bg"
Used in Component: "cc.Sprite"
uuid: "7190b671-92d9-4b56-a7e8-324f9d174728"
2024-06-19T02:57:32.962Z - warn: Cannot find the asset referenced in "db://assets/resources/prefab/TargetqiuPrefab.prefab", it may have been deleted. Detailed information:
Node path: "TargetqiuPrefab/txtNode"
Used in Component: "cc.Sprite"
uuid: "2d975786-6145-41ae-97af-7dd2d61bef96"
2024-06-19T02:57:32.978Z - warn: Cannot find the asset referenced in "db://assets/Ani/txBubble.anim", it may have been deleted. Detailed information:
uuid: "b3b9f8cc-0300-4d13-8cb7-2eef71ffcfa5"
2024-06-19T02:57:32.979Z - warn: Cannot find the asset referenced in "db://assets/Ani/txBubble.anim", it may have been deleted. Detailed information:
uuid: "af321041-6f8d-4d28-b321-b3a6b56f31bf"
2024-06-19T02:57:32.980Z - warn: Cannot find the asset referenced in "db://assets/Ani/txBubble.anim", it may have been deleted. Detailed information:
uuid: "53754c6e-f8d4-446a-a201-67af7f6fba75"
2024-06-19T02:57:32.981Z - warn: Cannot find the asset referenced in "db://assets/Ani/txBubble.anim", it may have been deleted. Detailed information:
uuid: "a3b1755b-06e6-4136-aef3-a404ff91ac39"
2024-06-19T02:57:32.982Z - warn: Cannot find the asset referenced in "db://assets/Ani/txBubble.anim", it may have been deleted. Detailed information:
uuid: "e152fe89-1b24-4c11-8ebd-a999ff7f145f"
2024-06-19T02:57:32.983Z - warn: Cannot find the asset referenced in "db://assets/Ani/txBubble.anim", it may have been deleted. Detailed information:
uuid: "d905dfe8-42f6-4a42-828d-5b76f008bba3"
2024-06-19T02:57:32.984Z - warn: Cannot find the asset referenced in "db://assets/Ani/txBubble.anim", it may have been deleted. Detailed information:
uuid: "3e77f946-a391-4b1a-8ab5-3c7dbe9d63ab"
2024-06-19T02:57:32.984Z - warn: Cannot find the asset referenced in "db://assets/Ani/txBubble.anim", it may have been deleted. Detailed information:
uuid: "398bca7b-3c01-40a5-9620-cfaf3d9057f7"
2024-06-19T02:57:32.985Z - warn: Cannot find the asset referenced in "db://assets/Ani/txBubble.anim", it may have been deleted. Detailed information:
uuid: "95892e87-bcc4-4ead-84d4-55847ca9c2f2"
2024-06-19T02:57:32.986Z - warn: Cannot find the asset referenced in "db://assets/Ani/txBubble.anim", it may have been deleted. Detailed information:
uuid: "7682d560-2849-49b6-90ea-b72369dc420e"
2024-06-19T02:57:32.987Z - warn: Cannot find the asset referenced in "db://assets/Ani/txBubble.anim", it may have been deleted. Detailed information:
uuid: "faa6116d-f6ca-40c0-8eec-3519ef334f84"
2024-06-19T02:57:32.987Z - warn: Cannot find the asset referenced in "db://assets/Ani/txBubble.anim", it may have been deleted. Detailed information:
uuid: "96e3a4cd-3736-41c4-a966-15e6c27ad0d1"
2024-06-19T02:57:32.988Z - warn: Cannot find the asset referenced in "db://assets/Ani/txBubble.anim", it may have been deleted. Detailed information:
uuid: "e88b5d69-8cad-4c33-a98d-29749059e818"
2024-06-19T02:57:32.989Z - warn: Cannot find the asset referenced in "db://assets/Ani/txBubble.anim", it may have been deleted. Detailed information:
uuid: "abc95dc8-aa85-4237-959f-5f95a90438ba"
2024-06-19T02:57:32.989Z - warn: Cannot find the asset referenced in "db://assets/Ani/txBubble.anim", it may have been deleted. Detailed information:
uuid: "e07ad0ce-c4c8-4c6e-8cad-d7675fc39017"
2024-06-19T02:57:32.990Z - warn: Cannot find the asset referenced in "db://assets/Ani/txBubble.anim", it may have been deleted. Detailed information:
uuid: "aff52591-f5e9-46c2-8b72-41fe4c8a0165"
2024-06-19T02:57:32.990Z - warn: Cannot find the asset referenced in "db://assets/Ani/txBubble.anim", it may have been deleted. Detailed information:
uuid: "4e298dba-a94b-455a-9c68-9270716969c4"
2024-06-19T02:57:32.991Z - warn: Cannot find the asset referenced in "db://assets/Ani/txBubble.anim", it may have been deleted. Detailed information:
uuid: "1595508b-c437-442f-b79e-b1a5355a0b46"
2024-06-19T02:57:32.992Z - warn: Cannot find the asset referenced in "db://assets/Ani/txBubble.anim", it may have been deleted. Detailed information:
uuid: "895a0e4f-16ab-41ea-aef6-124aca413fed"
2024-06-19T02:57:32.992Z - warn: Cannot find the asset referenced in "db://assets/Ani/txBubble.anim", it may have been deleted. Detailed information:
uuid: "375c9116-cf3b-4b7a-8ff0-0cad4fa8e7ea"
2024-06-19T02:57:32.993Z - warn: Cannot find the asset referenced in "db://assets/Ani/txBubble.anim", it may have been deleted. Detailed information:
uuid: "95bab64d-40c0-4ada-a359-dabeaac63187"
2024-06-19T02:57:32.994Z - warn: Cannot find the asset referenced in "db://assets/Ani/txBubble.anim", it may have been deleted. Detailed information:
uuid: "3c65b934-ebca-4ab1-9194-39187a04c3dc"
2024-06-19T02:57:32.994Z - warn: Cannot find the asset referenced in "db://assets/Ani/txBubble.anim", it may have been deleted. Detailed information:
uuid: "841acf09-72b2-43c4-b128-7140c7a3c436"
2024-06-19T02:57:32.995Z - warn: Cannot find the asset referenced in "db://assets/Ani/txBubble.anim", it may have been deleted. Detailed information:
uuid: "04c3e2a5-45ce-4da1-ac79-95c90b7d70b0"
2024-06-19T02:57:32.996Z - warn: Cannot find the asset referenced in "db://assets/Ani/txBubble.anim", it may have been deleted. Detailed information:
uuid: "a768fc9e-5fec-47b2-84cb-adb4f73787b3"
2024-06-19T02:57:32.996Z - warn: Cannot find the asset referenced in "db://assets/Ani/txBubble.anim", it may have been deleted. Detailed information:
uuid: "59bdf374-b9a6-45c3-9f46-2d2f7db298ba"
2024-06-19T02:57:32.997Z - warn: Cannot find the asset referenced in "db://assets/Ani/txBubble.anim", it may have been deleted. Detailed information:
uuid: "cf56af52-148e-4c33-919e-6f31bf3cc231"
2024-06-19T02:57:32.998Z - warn: Cannot find the asset referenced in "db://assets/Ani/txBubble.anim", it may have been deleted. Detailed information:
uuid: "d6451236-967e-448a-ac81-be6a411c8e9e"
2024-06-19T02:57:32.998Z - warn: Cannot find the asset referenced in "db://assets/Ani/txBubble.anim", it may have been deleted. Detailed information:
uuid: "89d2920e-727c-4861-b0c8-88b71bc4a245"
2024-06-19T02:57:32.999Z - warn: Cannot find the asset referenced in "db://assets/Ani/txBubble.anim", it may have been deleted. Detailed information:
uuid: "aecf5986-79d6-4e3a-9b17-84155967a191"
2024-06-19T02:57:33.000Z - warn: Cannot find the asset referenced in "db://assets/Ani/txBubble.anim", it may have been deleted. Detailed information:
uuid: "e7694fd8-cc1c-478c-bc00-b9b437aacedb"
2024-06-19T02:57:33.001Z - warn: Cannot find the asset referenced in "db://assets/Ani/txBubble.anim", it may have been deleted. Detailed information:
uuid: "9b3c1375-3957-4674-966d-6c155ebbade5"
2024-06-19T02:57:33.001Z - warn: Cannot find the asset referenced in "db://assets/Ani/txBubble.anim", it may have been deleted. Detailed information:
uuid: "1625f209-d6d8-43e8-813b-d552b162e363"
2024-06-19T02:57:33.002Z - warn: Cannot find the asset referenced in "db://assets/Ani/txBubble.anim", it may have been deleted. Detailed information:
uuid: "6b6959b3-9d42-4f2c-a92a-1395564941c9"
2024-06-19T02:57:33.003Z - warn: Cannot find the asset referenced in "db://assets/Ani/txBubble.anim", it may have been deleted. Detailed information:
uuid: "1cc71890-813a-403c-b075-db0cedad24fc"
2024-06-19T02:57:33.004Z - warn: Cannot find the asset referenced in "db://assets/Ani/txBubble.anim", it may have been deleted. Detailed information:
uuid: "e5f1765e-be33-4332-b668-53749b9bf0ce"
2024-06-19T02:57:33.004Z - warn: Cannot find the asset referenced in "db://assets/Ani/txBubble.anim", it may have been deleted. Detailed information:
uuid: "16171d1e-e761-4f15-9edd-e02dd343e968"
2024-06-19T02:57:33.005Z - warn: Cannot find the asset referenced in "db://assets/Ani/txBubble.anim", it may have been deleted. Detailed information:
uuid: "d53f1934-db25-47f7-b989-d84758669a93"
2024-06-19T02:57:33.005Z - warn: Cannot find the asset referenced in "db://assets/Ani/txBubble.anim", it may have been deleted. Detailed information:
uuid: "477dea0d-edae-458f-969f-def9a62ed659"
2024-06-19T02:57:33.057Z - normal: 
--- build-asset: {"root":null,"priority":7,"dest":"/Users/a1/FruitsGoal_Ad/build/web-mobile/assets/main","scriptDest":"/Users/a1/FruitsGoal_Ad/build/web-mobile/assets/main","name":"main","scenes":["8b0bee6c-3a09-43df-9af8-37b078730f02"],"compressionType":"default","optimizeHotUpdate":false,"inlineSpriteFrames":false,"isRemote":false}

2024-06-19T02:57:33.089Z - normal: Finish build-assets in worker
2024-06-19T02:57:33.103Z - normal: Start building plugin scripts
2024-06-19T02:57:33.111Z - normal: Generating main.js from /Applications/CocosCreator/Creator/2.4.11/CocosCreator.app/Contents/Resources/static/build-templates/shares/main.js
2024-06-19T02:57:33.116Z - normal: Generating html from /Applications/CocosCreator/Creator/2.4.11/CocosCreator.app/Contents/Resources/static/build-templates/web-mobile/template/index.html
2024-06-19T02:57:33.127Z - info: playable-ads-adapter 开始适配
2024-06-19T02:57:42.708Z - success: playable-ads-adapter 适配完成，共耗时10秒
2024-06-19T02:57:42.735Z - normal: Built to "/Users/a1/FruitsGoal_Ad/build/web-mobile" successfully
2024-06-19T03:01:01.350Z - normal: 开始构建项目，导出web-mobile包
2024-06-19T03:01:01.352Z - normal: Start building with options : {
  "title": "2048balls",
  "packageName": "org.cocos2d.demo",
  "startScene": "8b0bee6c-3a09-43df-9af8-37b078730f02",
  "excludeScenes": [
    "40205477-7e47-4b3b-b771-eb8db88d5a00"
  ],
  "orientation": {
    "landscapeRight": false,
    "landscapeLeft": false,
    "portrait": true,
    "upsideDown": false
  },
  "webOrientation": "auto",
  "inlineSpriteFrames": false,
  "inlineSpriteFrames_native": false,
  "mainCompressionType": "default",
  "mainIsRemote": false,
  "optimizeHotUpdate": false,
  "md5Cache": false,
  "encryptJs": true,
  "xxteaKey": "463c7634-fb16-4f",
  "zipCompressJs": true,
  "fb-instant-games": {},
  "android": {
    "packageName": "com.aaud.net.balls",
    "REMOTE_SERVER_ROOT": ""
  },
  "ios": {
    "packageName": "org.cocos2d.demo",
    "REMOTE_SERVER_ROOT": "",
    "ios_enable_jit": true
  },
  "mac": {
    "packageName": "org.cocos2d.demo",
    "REMOTE_SERVER_ROOT": "",
    "width": 1280,
    "height": 720
  },
  "win32": {
    "REMOTE_SERVER_ROOT": "",
    "width": 1280,
    "height": 720
  },
  "android-instant": {
    "packageName": "org.cocos2d.demo",
    "REMOTE_SERVER_ROOT": "",
    "pathPattern": "",
    "scheme": "https",
    "host": "",
    "skipRecord": false,
    "recordPath": ""
  },
  "appBundle": false,
  "agreements": {
    "20200904180755": false,
    "20220901093235": false
  },
  "platform": "web-mobile",
  "actualPlatform": "web-mobile",
  "template": "default",
  "buildPath": "/Users/a1/FruitsGoal_Ad/build",
  "debug": false,
  "sourceMaps": false,
  "embedWebDebugger": false,
  "previewWidth": "1280",
  "previewHeight": "720",
  "useDebugKeystore": true,
  "apiLevel": "android-28",
  "appABIs": [
    "armeabi-v7a",
    "arm64-v8a"
  ],
  "vsVersion": "auto",
  "buildScriptsOnly": false,
  "dest": "/Users/a1/FruitsGoal_Ad/build/web-mobile",
  "scenes": [
    "8b0bee6c-3a09-43df-9af8-37b078730f02"
  ],
  "excludedModules": [
    "DragonBones",
    "NodePool",
    "PageView",
    "PageViewIndicator",
    "Spine Skeleton",
    "Toggle",
    "TiledMap",
    "VideoPlayer",
    "WebView",
    "3D",
    "3D Primitive",
    "3D Physics/cannon.js",
    "3D Physics/Builtin",
    "3D Particle"
  ],
  "project": "/Users/a1/FruitsGoal_Ad",
  "projectName": "2048balls",
  "debugBuildWorker": false
}
2024-06-19T03:01:01.353Z - normal: playable-ads-adapter 进行预构建处理
2024-06-19T03:01:01.353Z - normal: playable-ads-adapter 预构建处理完成
2024-06-19T03:01:01.353Z - normal: Building /Users/a1/FruitsGoal_Ad
2024-06-19T03:01:01.353Z - normal: Destination /Users/a1/FruitsGoal_Ad/build/web-mobile
2024-06-19T03:01:01.354Z - normal: Start spawn build-worker
2024-06-19T03:01:03.373Z - normal: Finish spawn build-worker
2024-06-19T03:01:03.373Z - normal: Delete /Users/a1/FruitsGoal_Ad/build/web-mobile/**/*
2024-06-19T03:01:04.692Z - normal: Compiling /Users/a1/FruitsGoal_Ad
2024-06-19T03:01:06.601Z - normal: Start init build-worker
2024-06-19T03:01:08.273Z - normal: Finish init build-worker
2024-06-19T03:01:08.274Z - normal: Start build-assets in worker
2024-06-19T03:01:08.274Z - normal: 
--- build-asset: {"root":"db://internal/resources","name":"internal","dest":"/Users/a1/FruitsGoal_Ad/build/web-mobile/assets/internal","scriptDest":"/Users/a1/FruitsGoal_Ad/build/web-mobile/assets/internal","priority":11,"scenes":[],"compressionType":"merge_all_json"}

2024-06-19T03:01:08.355Z - normal: 
--- build-asset: {"root":"db://assets/resources","name":"resources","dest":"/Users/a1/FruitsGoal_Ad/build/web-mobile/assets/resources","scriptDest":"/Users/a1/FruitsGoal_Ad/build/web-mobile/assets/resources","priority":8,"scenes":[],"compressionType":"default"}

2024-06-19T03:01:08.592Z - warn: Script attached to "gkpanel" in prefab "gkpanel.prefab" is missing or invalid. Detailed information:
Node path: "gkpanel"
Asset url: "db://assets/resources/prefab/gkpanel.prefab"
Script UUID: "8e83daa7-1d3e-440a-a557-af11d56f2e14"
Class ID: "8e83dqnHT5ECqVXrxHVby4U"

2024-06-19T03:01:08.635Z - warn: Cannot find the asset referenced in "db://assets/resources/prefab/gkpanel.prefab", it may have been deleted. Detailed information:
Node path: "gkpanel/New Sprite"
Used in Component: "cc.Sprite"
uuid: "5b207cc6-6457-4043-991d-2633125347be"
2024-06-19T03:01:08.636Z - warn: Cannot find the asset referenced in "db://assets/resources/prefab/gkpanel.prefab", it may have been deleted. Detailed information:
Node path: "gkpanel/label_reward"
Used in Component: "cc.Label"
uuid: "a8a64681-fd4a-46c4-b1cd-18f21e03717e"
2024-06-19T03:01:08.636Z - warn: Cannot find the asset referenced in "db://assets/resources/prefab/gkpanel.prefab", it may have been deleted. Detailed information:
Node path: "gkpanel/btn_close"
Used in Component: "cc.Sprite"
uuid: "ff73d52b-a720-486a-adaf-c543a97ecc3e"
2024-06-19T03:01:08.637Z - warn: Cannot find the asset referenced in "db://assets/resources/prefab/gkpanel.prefab", it may have been deleted. Detailed information:
Node path: "gkpanel/btn_get/viewsp"
Used in Component: "cc.Sprite"
uuid: "2331b162-d88a-415f-b159-0984bcf1aba1"
2024-06-19T03:01:08.638Z - warn: Cannot find the asset referenced in "db://assets/resources/prefab/gkpanel.prefab", it may have been deleted. Detailed information:
Node path: "gkpanel/btn_get"
Used in Component: "cc.Sprite"
uuid: "626c79ca-06cb-4b80-ba97-89e50fcdb66e"
2024-06-19T03:01:08.639Z - warn: Cannot find the asset referenced in "db://assets/resources/prefab/gkpanel.prefab", it may have been deleted. Detailed information:
Node path: "gkpanel/sp_tipbg"
Used in Component: "cc.Sprite"
uuid: "0d080596-78d2-4cbd-b001-bf3d5c6d5bba"
2024-06-19T03:01:08.640Z - warn: Cannot find the asset referenced in "db://assets/resources/prefab/GradeNoticeBoard.prefab", it may have been deleted. Detailed information:
Node path: "GradeNoticeBoard/bg"
Used in Component: "cc.Sprite"
uuid: "7190b671-92d9-4b56-a7e8-324f9d174728"
2024-06-19T03:01:08.653Z - warn: Cannot find the asset referenced in "db://assets/resources/prefab/TargetqiuPrefab.prefab", it may have been deleted. Detailed information:
Node path: "TargetqiuPrefab/txtNode"
Used in Component: "cc.Sprite"
uuid: "2d975786-6145-41ae-97af-7dd2d61bef96"
2024-06-19T03:01:08.659Z - warn: Cannot find the asset referenced in "db://assets/Ani/txBubble.anim", it may have been deleted. Detailed information:
uuid: "b3b9f8cc-0300-4d13-8cb7-2eef71ffcfa5"
2024-06-19T03:01:08.660Z - warn: Cannot find the asset referenced in "db://assets/Ani/txBubble.anim", it may have been deleted. Detailed information:
uuid: "af321041-6f8d-4d28-b321-b3a6b56f31bf"
2024-06-19T03:01:08.661Z - warn: Cannot find the asset referenced in "db://assets/Ani/txBubble.anim", it may have been deleted. Detailed information:
uuid: "53754c6e-f8d4-446a-a201-67af7f6fba75"
2024-06-19T03:01:08.662Z - warn: Cannot find the asset referenced in "db://assets/Ani/txBubble.anim", it may have been deleted. Detailed information:
uuid: "a3b1755b-06e6-4136-aef3-a404ff91ac39"
2024-06-19T03:01:08.663Z - warn: Cannot find the asset referenced in "db://assets/Ani/txBubble.anim", it may have been deleted. Detailed information:
uuid: "e152fe89-1b24-4c11-8ebd-a999ff7f145f"
2024-06-19T03:01:08.663Z - warn: Cannot find the asset referenced in "db://assets/Ani/txBubble.anim", it may have been deleted. Detailed information:
uuid: "d905dfe8-42f6-4a42-828d-5b76f008bba3"
2024-06-19T03:01:08.664Z - warn: Cannot find the asset referenced in "db://assets/Ani/txBubble.anim", it may have been deleted. Detailed information:
uuid: "3e77f946-a391-4b1a-8ab5-3c7dbe9d63ab"
2024-06-19T03:01:08.665Z - warn: Cannot find the asset referenced in "db://assets/Ani/txBubble.anim", it may have been deleted. Detailed information:
uuid: "398bca7b-3c01-40a5-9620-cfaf3d9057f7"
2024-06-19T03:01:08.666Z - warn: Cannot find the asset referenced in "db://assets/Ani/txBubble.anim", it may have been deleted. Detailed information:
uuid: "95892e87-bcc4-4ead-84d4-55847ca9c2f2"
2024-06-19T03:01:08.667Z - warn: Cannot find the asset referenced in "db://assets/Ani/txBubble.anim", it may have been deleted. Detailed information:
uuid: "7682d560-2849-49b6-90ea-b72369dc420e"
2024-06-19T03:01:08.668Z - warn: Cannot find the asset referenced in "db://assets/Ani/txBubble.anim", it may have been deleted. Detailed information:
uuid: "faa6116d-f6ca-40c0-8eec-3519ef334f84"
2024-06-19T03:01:08.668Z - warn: Cannot find the asset referenced in "db://assets/Ani/txBubble.anim", it may have been deleted. Detailed information:
uuid: "96e3a4cd-3736-41c4-a966-15e6c27ad0d1"
2024-06-19T03:01:08.669Z - warn: Cannot find the asset referenced in "db://assets/Ani/txBubble.anim", it may have been deleted. Detailed information:
uuid: "e88b5d69-8cad-4c33-a98d-29749059e818"
2024-06-19T03:01:08.670Z - warn: Cannot find the asset referenced in "db://assets/Ani/txBubble.anim", it may have been deleted. Detailed information:
uuid: "abc95dc8-aa85-4237-959f-5f95a90438ba"
2024-06-19T03:01:08.671Z - warn: Cannot find the asset referenced in "db://assets/Ani/txBubble.anim", it may have been deleted. Detailed information:
uuid: "e07ad0ce-c4c8-4c6e-8cad-d7675fc39017"
2024-06-19T03:01:08.671Z - warn: Cannot find the asset referenced in "db://assets/Ani/txBubble.anim", it may have been deleted. Detailed information:
uuid: "aff52591-f5e9-46c2-8b72-41fe4c8a0165"
2024-06-19T03:01:08.672Z - warn: Cannot find the asset referenced in "db://assets/Ani/txBubble.anim", it may have been deleted. Detailed information:
uuid: "4e298dba-a94b-455a-9c68-9270716969c4"
2024-06-19T03:01:08.673Z - warn: Cannot find the asset referenced in "db://assets/Ani/txBubble.anim", it may have been deleted. Detailed information:
uuid: "1595508b-c437-442f-b79e-b1a5355a0b46"
2024-06-19T03:01:08.673Z - warn: Cannot find the asset referenced in "db://assets/Ani/txBubble.anim", it may have been deleted. Detailed information:
uuid: "895a0e4f-16ab-41ea-aef6-124aca413fed"
2024-06-19T03:01:08.674Z - warn: Cannot find the asset referenced in "db://assets/Ani/txBubble.anim", it may have been deleted. Detailed information:
uuid: "375c9116-cf3b-4b7a-8ff0-0cad4fa8e7ea"
2024-06-19T03:01:08.675Z - warn: Cannot find the asset referenced in "db://assets/Ani/txBubble.anim", it may have been deleted. Detailed information:
uuid: "95bab64d-40c0-4ada-a359-dabeaac63187"
2024-06-19T03:01:08.676Z - warn: Cannot find the asset referenced in "db://assets/Ani/txBubble.anim", it may have been deleted. Detailed information:
uuid: "3c65b934-ebca-4ab1-9194-39187a04c3dc"
2024-06-19T03:01:08.676Z - warn: Cannot find the asset referenced in "db://assets/Ani/txBubble.anim", it may have been deleted. Detailed information:
uuid: "841acf09-72b2-43c4-b128-7140c7a3c436"
2024-06-19T03:01:08.677Z - warn: Cannot find the asset referenced in "db://assets/Ani/txBubble.anim", it may have been deleted. Detailed information:
uuid: "04c3e2a5-45ce-4da1-ac79-95c90b7d70b0"
2024-06-19T03:01:08.678Z - warn: Cannot find the asset referenced in "db://assets/Ani/txBubble.anim", it may have been deleted. Detailed information:
uuid: "a768fc9e-5fec-47b2-84cb-adb4f73787b3"
2024-06-19T03:01:08.679Z - warn: Cannot find the asset referenced in "db://assets/Ani/txBubble.anim", it may have been deleted. Detailed information:
uuid: "59bdf374-b9a6-45c3-9f46-2d2f7db298ba"
2024-06-19T03:01:08.679Z - warn: Cannot find the asset referenced in "db://assets/Ani/txBubble.anim", it may have been deleted. Detailed information:
uuid: "cf56af52-148e-4c33-919e-6f31bf3cc231"
2024-06-19T03:01:08.680Z - warn: Cannot find the asset referenced in "db://assets/Ani/txBubble.anim", it may have been deleted. Detailed information:
uuid: "d6451236-967e-448a-ac81-be6a411c8e9e"
2024-06-19T03:01:08.680Z - warn: Cannot find the asset referenced in "db://assets/Ani/txBubble.anim", it may have been deleted. Detailed information:
uuid: "89d2920e-727c-4861-b0c8-88b71bc4a245"
2024-06-19T03:01:08.681Z - warn: Cannot find the asset referenced in "db://assets/Ani/txBubble.anim", it may have been deleted. Detailed information:
uuid: "aecf5986-79d6-4e3a-9b17-84155967a191"
2024-06-19T03:01:08.682Z - warn: Cannot find the asset referenced in "db://assets/Ani/txBubble.anim", it may have been deleted. Detailed information:
uuid: "e7694fd8-cc1c-478c-bc00-b9b437aacedb"
2024-06-19T03:01:08.682Z - warn: Cannot find the asset referenced in "db://assets/Ani/txBubble.anim", it may have been deleted. Detailed information:
uuid: "9b3c1375-3957-4674-966d-6c155ebbade5"
2024-06-19T03:01:08.683Z - warn: Cannot find the asset referenced in "db://assets/Ani/txBubble.anim", it may have been deleted. Detailed information:
uuid: "1625f209-d6d8-43e8-813b-d552b162e363"
2024-06-19T03:01:08.683Z - warn: Cannot find the asset referenced in "db://assets/Ani/txBubble.anim", it may have been deleted. Detailed information:
uuid: "6b6959b3-9d42-4f2c-a92a-1395564941c9"
2024-06-19T03:01:08.684Z - warn: Cannot find the asset referenced in "db://assets/Ani/txBubble.anim", it may have been deleted. Detailed information:
uuid: "1cc71890-813a-403c-b075-db0cedad24fc"
2024-06-19T03:01:08.685Z - warn: Cannot find the asset referenced in "db://assets/Ani/txBubble.anim", it may have been deleted. Detailed information:
uuid: "e5f1765e-be33-4332-b668-53749b9bf0ce"
2024-06-19T03:01:08.685Z - warn: Cannot find the asset referenced in "db://assets/Ani/txBubble.anim", it may have been deleted. Detailed information:
uuid: "16171d1e-e761-4f15-9edd-e02dd343e968"
2024-06-19T03:01:08.686Z - warn: Cannot find the asset referenced in "db://assets/Ani/txBubble.anim", it may have been deleted. Detailed information:
uuid: "d53f1934-db25-47f7-b989-d84758669a93"
2024-06-19T03:01:08.686Z - warn: Cannot find the asset referenced in "db://assets/Ani/txBubble.anim", it may have been deleted. Detailed information:
uuid: "477dea0d-edae-458f-969f-def9a62ed659"
2024-06-19T03:01:08.737Z - normal: 
--- build-asset: {"root":null,"priority":7,"dest":"/Users/a1/FruitsGoal_Ad/build/web-mobile/assets/main","scriptDest":"/Users/a1/FruitsGoal_Ad/build/web-mobile/assets/main","name":"main","scenes":["8b0bee6c-3a09-43df-9af8-37b078730f02"],"compressionType":"default","optimizeHotUpdate":false,"inlineSpriteFrames":false,"isRemote":false}

2024-06-19T03:01:08.767Z - normal: Finish build-assets in worker
2024-06-19T03:01:08.781Z - normal: Start building plugin scripts
2024-06-19T03:01:08.787Z - normal: Generating main.js from /Applications/CocosCreator/Creator/2.4.11/CocosCreator.app/Contents/Resources/static/build-templates/shares/main.js
2024-06-19T03:01:08.791Z - normal: Generating html from /Applications/CocosCreator/Creator/2.4.11/CocosCreator.app/Contents/Resources/static/build-templates/web-mobile/template/index.html
2024-06-19T03:01:08.800Z - info: playable-ads-adapter 开始适配
2024-06-19T03:01:18.812Z - success: playable-ads-adapter 适配完成，共耗时10秒
2024-06-19T03:01:18.836Z - normal: Built to "/Users/a1/FruitsGoal_Ad/build/web-mobile" successfully
2024-06-19T06:10:43.328Z - normal: 开始构建项目，导出web-mobile包
2024-06-19T06:10:43.330Z - normal: Start building with options : {
  "title": "2048balls",
  "packageName": "org.cocos2d.demo",
  "startScene": "8b0bee6c-3a09-43df-9af8-37b078730f02",
  "excludeScenes": [
    "40205477-7e47-4b3b-b771-eb8db88d5a00"
  ],
  "orientation": {
    "landscapeRight": false,
    "landscapeLeft": false,
    "portrait": true,
    "upsideDown": false
  },
  "webOrientation": "auto",
  "inlineSpriteFrames": false,
  "inlineSpriteFrames_native": false,
  "mainCompressionType": "default",
  "mainIsRemote": false,
  "optimizeHotUpdate": false,
  "md5Cache": false,
  "encryptJs": true,
  "xxteaKey": "463c7634-fb16-4f",
  "zipCompressJs": true,
  "fb-instant-games": {},
  "android": {
    "packageName": "com.aaud.net.balls",
    "REMOTE_SERVER_ROOT": ""
  },
  "ios": {
    "packageName": "org.cocos2d.demo",
    "REMOTE_SERVER_ROOT": "",
    "ios_enable_jit": true
  },
  "mac": {
    "packageName": "org.cocos2d.demo",
    "REMOTE_SERVER_ROOT": "",
    "width": 1280,
    "height": 720
  },
  "win32": {
    "REMOTE_SERVER_ROOT": "",
    "width": 1280,
    "height": 720
  },
  "android-instant": {
    "packageName": "org.cocos2d.demo",
    "REMOTE_SERVER_ROOT": "",
    "pathPattern": "",
    "scheme": "https",
    "host": "",
    "skipRecord": false,
    "recordPath": ""
  },
  "appBundle": false,
  "agreements": {
    "20200904180755": false,
    "20220901093235": false
  },
  "platform": "web-mobile",
  "actualPlatform": "web-mobile",
  "template": "default",
  "buildPath": "/Users/a1/FruitsGoal_Ad/build",
  "debug": false,
  "sourceMaps": false,
  "embedWebDebugger": false,
  "previewWidth": "1280",
  "previewHeight": "720",
  "useDebugKeystore": true,
  "apiLevel": "android-28",
  "appABIs": [
    "armeabi-v7a",
    "arm64-v8a"
  ],
  "vsVersion": "auto",
  "buildScriptsOnly": false,
  "dest": "/Users/a1/FruitsGoal_Ad/build/web-mobile",
  "scenes": [
    "8b0bee6c-3a09-43df-9af8-37b078730f02"
  ],
  "excludedModules": [
    "DragonBones",
    "NodePool",
    "PageView",
    "PageViewIndicator",
    "Spine Skeleton",
    "Toggle",
    "TiledMap",
    "VideoPlayer",
    "WebView",
    "3D",
    "3D Primitive",
    "3D Physics/cannon.js",
    "3D Physics/Builtin",
    "3D Particle"
  ],
  "project": "/Users/a1/FruitsGoal_Ad",
  "projectName": "2048balls",
  "debugBuildWorker": false
}
2024-06-19T06:10:43.331Z - normal: playable-ads-adapter 进行预构建处理
2024-06-19T06:10:43.331Z - normal: playable-ads-adapter 预构建处理完成
2024-06-19T06:10:43.331Z - normal: Building /Users/a1/FruitsGoal_Ad
2024-06-19T06:10:43.331Z - normal: Destination /Users/a1/FruitsGoal_Ad/build/web-mobile
2024-06-19T06:10:43.332Z - normal: Start spawn build-worker
2024-06-19T06:10:45.379Z - normal: Finish spawn build-worker
2024-06-19T06:10:45.379Z - normal: Delete /Users/a1/FruitsGoal_Ad/build/web-mobile/**/*
2024-06-19T06:10:46.900Z - normal: Compiling /Users/a1/FruitsGoal_Ad
2024-06-19T06:10:48.807Z - normal: Start init build-worker
2024-06-19T06:10:50.495Z - normal: Finish init build-worker
2024-06-19T06:10:50.495Z - normal: Start build-assets in worker
2024-06-19T06:10:50.496Z - normal: 
--- build-asset: {"root":"db://internal/resources","name":"internal","dest":"/Users/a1/FruitsGoal_Ad/build/web-mobile/assets/internal","scriptDest":"/Users/a1/FruitsGoal_Ad/build/web-mobile/assets/internal","priority":11,"scenes":[],"compressionType":"merge_all_json"}

2024-06-19T06:10:50.588Z - normal: 
--- build-asset: {"root":"db://assets/resources","name":"resources","dest":"/Users/a1/FruitsGoal_Ad/build/web-mobile/assets/resources","scriptDest":"/Users/a1/FruitsGoal_Ad/build/web-mobile/assets/resources","priority":8,"scenes":[],"compressionType":"default"}

2024-06-19T06:10:50.899Z - warn: Script attached to "gkpanel" in prefab "gkpanel.prefab" is missing or invalid. Detailed information:
Node path: "gkpanel"
Asset url: "db://assets/resources/prefab/gkpanel.prefab"
Script UUID: "8e83daa7-1d3e-440a-a557-af11d56f2e14"
Class ID: "8e83dqnHT5ECqVXrxHVby4U"

2024-06-19T06:10:50.943Z - warn: Cannot find the asset referenced in "db://assets/resources/prefab/gkpanel.prefab", it may have been deleted. Detailed information:
Node path: "gkpanel/New Sprite"
Used in Component: "cc.Sprite"
uuid: "5b207cc6-6457-4043-991d-2633125347be"
2024-06-19T06:10:50.944Z - warn: Cannot find the asset referenced in "db://assets/resources/prefab/gkpanel.prefab", it may have been deleted. Detailed information:
Node path: "gkpanel/label_reward"
Used in Component: "cc.Label"
uuid: "a8a64681-fd4a-46c4-b1cd-18f21e03717e"
2024-06-19T06:10:50.945Z - warn: Cannot find the asset referenced in "db://assets/resources/prefab/gkpanel.prefab", it may have been deleted. Detailed information:
Node path: "gkpanel/btn_close"
Used in Component: "cc.Sprite"
uuid: "ff73d52b-a720-486a-adaf-c543a97ecc3e"
2024-06-19T06:10:50.946Z - warn: Cannot find the asset referenced in "db://assets/resources/prefab/gkpanel.prefab", it may have been deleted. Detailed information:
Node path: "gkpanel/btn_get/viewsp"
Used in Component: "cc.Sprite"
uuid: "2331b162-d88a-415f-b159-0984bcf1aba1"
2024-06-19T06:10:50.946Z - warn: Cannot find the asset referenced in "db://assets/resources/prefab/gkpanel.prefab", it may have been deleted. Detailed information:
Node path: "gkpanel/btn_get"
Used in Component: "cc.Sprite"
uuid: "626c79ca-06cb-4b80-ba97-89e50fcdb66e"
2024-06-19T06:10:50.947Z - warn: Cannot find the asset referenced in "db://assets/resources/prefab/gkpanel.prefab", it may have been deleted. Detailed information:
Node path: "gkpanel/sp_tipbg"
Used in Component: "cc.Sprite"
uuid: "0d080596-78d2-4cbd-b001-bf3d5c6d5bba"
2024-06-19T06:10:50.948Z - warn: Cannot find the asset referenced in "db://assets/resources/prefab/GradeNoticeBoard.prefab", it may have been deleted. Detailed information:
Node path: "GradeNoticeBoard/bg"
Used in Component: "cc.Sprite"
uuid: "7190b671-92d9-4b56-a7e8-324f9d174728"
2024-06-19T06:10:50.953Z - warn: Cannot find the asset referenced in "db://assets/resources/prefab/TargetqiuPrefab.prefab", it may have been deleted. Detailed information:
Node path: "TargetqiuPrefab/txtNode"
Used in Component: "cc.Sprite"
uuid: "2d975786-6145-41ae-97af-7dd2d61bef96"
2024-06-19T06:10:50.965Z - warn: Cannot find the asset referenced in "db://assets/Ani/txBubble.anim", it may have been deleted. Detailed information:
uuid: "b3b9f8cc-0300-4d13-8cb7-2eef71ffcfa5"
2024-06-19T06:10:50.966Z - warn: Cannot find the asset referenced in "db://assets/Ani/txBubble.anim", it may have been deleted. Detailed information:
uuid: "af321041-6f8d-4d28-b321-b3a6b56f31bf"
2024-06-19T06:10:50.967Z - warn: Cannot find the asset referenced in "db://assets/Ani/txBubble.anim", it may have been deleted. Detailed information:
uuid: "53754c6e-f8d4-446a-a201-67af7f6fba75"
2024-06-19T06:10:50.967Z - warn: Cannot find the asset referenced in "db://assets/Ani/txBubble.anim", it may have been deleted. Detailed information:
uuid: "a3b1755b-06e6-4136-aef3-a404ff91ac39"
2024-06-19T06:10:50.968Z - warn: Cannot find the asset referenced in "db://assets/Ani/txBubble.anim", it may have been deleted. Detailed information:
uuid: "e152fe89-1b24-4c11-8ebd-a999ff7f145f"
2024-06-19T06:10:50.969Z - warn: Cannot find the asset referenced in "db://assets/Ani/txBubble.anim", it may have been deleted. Detailed information:
uuid: "d905dfe8-42f6-4a42-828d-5b76f008bba3"
2024-06-19T06:10:50.970Z - warn: Cannot find the asset referenced in "db://assets/Ani/txBubble.anim", it may have been deleted. Detailed information:
uuid: "3e77f946-a391-4b1a-8ab5-3c7dbe9d63ab"
2024-06-19T06:10:50.970Z - warn: Cannot find the asset referenced in "db://assets/Ani/txBubble.anim", it may have been deleted. Detailed information:
uuid: "398bca7b-3c01-40a5-9620-cfaf3d9057f7"
2024-06-19T06:10:50.971Z - warn: Cannot find the asset referenced in "db://assets/Ani/txBubble.anim", it may have been deleted. Detailed information:
uuid: "95892e87-bcc4-4ead-84d4-55847ca9c2f2"
2024-06-19T06:10:50.972Z - warn: Cannot find the asset referenced in "db://assets/Ani/txBubble.anim", it may have been deleted. Detailed information:
uuid: "7682d560-2849-49b6-90ea-b72369dc420e"
2024-06-19T06:10:50.973Z - warn: Cannot find the asset referenced in "db://assets/Ani/txBubble.anim", it may have been deleted. Detailed information:
uuid: "faa6116d-f6ca-40c0-8eec-3519ef334f84"
2024-06-19T06:10:50.973Z - warn: Cannot find the asset referenced in "db://assets/Ani/txBubble.anim", it may have been deleted. Detailed information:
uuid: "96e3a4cd-3736-41c4-a966-15e6c27ad0d1"
2024-06-19T06:10:50.974Z - warn: Cannot find the asset referenced in "db://assets/Ani/txBubble.anim", it may have been deleted. Detailed information:
uuid: "e88b5d69-8cad-4c33-a98d-29749059e818"
2024-06-19T06:10:50.975Z - warn: Cannot find the asset referenced in "db://assets/Ani/txBubble.anim", it may have been deleted. Detailed information:
uuid: "abc95dc8-aa85-4237-959f-5f95a90438ba"
2024-06-19T06:10:50.977Z - warn: Cannot find the asset referenced in "db://assets/Ani/txBubble.anim", it may have been deleted. Detailed information:
uuid: "e07ad0ce-c4c8-4c6e-8cad-d7675fc39017"
2024-06-19T06:10:50.978Z - warn: Cannot find the asset referenced in "db://assets/Ani/txBubble.anim", it may have been deleted. Detailed information:
uuid: "aff52591-f5e9-46c2-8b72-41fe4c8a0165"
2024-06-19T06:10:50.979Z - warn: Cannot find the asset referenced in "db://assets/Ani/txBubble.anim", it may have been deleted. Detailed information:
uuid: "4e298dba-a94b-455a-9c68-9270716969c4"
2024-06-19T06:10:50.980Z - warn: Cannot find the asset referenced in "db://assets/Ani/txBubble.anim", it may have been deleted. Detailed information:
uuid: "1595508b-c437-442f-b79e-b1a5355a0b46"
2024-06-19T06:10:50.980Z - warn: Cannot find the asset referenced in "db://assets/Ani/txBubble.anim", it may have been deleted. Detailed information:
uuid: "895a0e4f-16ab-41ea-aef6-124aca413fed"
2024-06-19T06:10:50.981Z - warn: Cannot find the asset referenced in "db://assets/Ani/txBubble.anim", it may have been deleted. Detailed information:
uuid: "375c9116-cf3b-4b7a-8ff0-0cad4fa8e7ea"
2024-06-19T06:10:50.982Z - warn: Cannot find the asset referenced in "db://assets/Ani/txBubble.anim", it may have been deleted. Detailed information:
uuid: "95bab64d-40c0-4ada-a359-dabeaac63187"
2024-06-19T06:10:50.982Z - warn: Cannot find the asset referenced in "db://assets/Ani/txBubble.anim", it may have been deleted. Detailed information:
uuid: "3c65b934-ebca-4ab1-9194-39187a04c3dc"
2024-06-19T06:10:50.983Z - warn: Cannot find the asset referenced in "db://assets/Ani/txBubble.anim", it may have been deleted. Detailed information:
uuid: "841acf09-72b2-43c4-b128-7140c7a3c436"
2024-06-19T06:10:50.984Z - warn: Cannot find the asset referenced in "db://assets/Ani/txBubble.anim", it may have been deleted. Detailed information:
uuid: "04c3e2a5-45ce-4da1-ac79-95c90b7d70b0"
2024-06-19T06:10:50.984Z - warn: Cannot find the asset referenced in "db://assets/Ani/txBubble.anim", it may have been deleted. Detailed information:
uuid: "a768fc9e-5fec-47b2-84cb-adb4f73787b3"
2024-06-19T06:10:50.985Z - warn: Cannot find the asset referenced in "db://assets/Ani/txBubble.anim", it may have been deleted. Detailed information:
uuid: "59bdf374-b9a6-45c3-9f46-2d2f7db298ba"
2024-06-19T06:10:50.985Z - warn: Cannot find the asset referenced in "db://assets/Ani/txBubble.anim", it may have been deleted. Detailed information:
uuid: "cf56af52-148e-4c33-919e-6f31bf3cc231"
2024-06-19T06:10:50.988Z - warn: Cannot find the asset referenced in "db://assets/Ani/txBubble.anim", it may have been deleted. Detailed information:
uuid: "d6451236-967e-448a-ac81-be6a411c8e9e"
2024-06-19T06:10:50.989Z - warn: Cannot find the asset referenced in "db://assets/Ani/txBubble.anim", it may have been deleted. Detailed information:
uuid: "89d2920e-727c-4861-b0c8-88b71bc4a245"
2024-06-19T06:10:50.990Z - warn: Cannot find the asset referenced in "db://assets/Ani/txBubble.anim", it may have been deleted. Detailed information:
uuid: "aecf5986-79d6-4e3a-9b17-84155967a191"
2024-06-19T06:10:50.990Z - warn: Cannot find the asset referenced in "db://assets/Ani/txBubble.anim", it may have been deleted. Detailed information:
uuid: "e7694fd8-cc1c-478c-bc00-b9b437aacedb"
2024-06-19T06:10:50.991Z - warn: Cannot find the asset referenced in "db://assets/Ani/txBubble.anim", it may have been deleted. Detailed information:
uuid: "9b3c1375-3957-4674-966d-6c155ebbade5"
2024-06-19T06:10:50.992Z - warn: Cannot find the asset referenced in "db://assets/Ani/txBubble.anim", it may have been deleted. Detailed information:
uuid: "1625f209-d6d8-43e8-813b-d552b162e363"
2024-06-19T06:10:50.992Z - warn: Cannot find the asset referenced in "db://assets/Ani/txBubble.anim", it may have been deleted. Detailed information:
uuid: "6b6959b3-9d42-4f2c-a92a-1395564941c9"
2024-06-19T06:10:50.993Z - warn: Cannot find the asset referenced in "db://assets/Ani/txBubble.anim", it may have been deleted. Detailed information:
uuid: "1cc71890-813a-403c-b075-db0cedad24fc"
2024-06-19T06:10:50.994Z - warn: Cannot find the asset referenced in "db://assets/Ani/txBubble.anim", it may have been deleted. Detailed information:
uuid: "e5f1765e-be33-4332-b668-53749b9bf0ce"
2024-06-19T06:10:50.994Z - warn: Cannot find the asset referenced in "db://assets/Ani/txBubble.anim", it may have been deleted. Detailed information:
uuid: "16171d1e-e761-4f15-9edd-e02dd343e968"
2024-06-19T06:10:50.995Z - warn: Cannot find the asset referenced in "db://assets/Ani/txBubble.anim", it may have been deleted. Detailed information:
uuid: "d53f1934-db25-47f7-b989-d84758669a93"
2024-06-19T06:10:50.996Z - warn: Cannot find the asset referenced in "db://assets/Ani/txBubble.anim", it may have been deleted. Detailed information:
uuid: "477dea0d-edae-458f-969f-def9a62ed659"
2024-06-19T06:10:51.054Z - normal: 
--- build-asset: {"root":null,"priority":7,"dest":"/Users/a1/FruitsGoal_Ad/build/web-mobile/assets/main","scriptDest":"/Users/a1/FruitsGoal_Ad/build/web-mobile/assets/main","name":"main","scenes":["8b0bee6c-3a09-43df-9af8-37b078730f02"],"compressionType":"default","optimizeHotUpdate":false,"inlineSpriteFrames":false,"isRemote":false}

2024-06-19T06:10:51.088Z - normal: Finish build-assets in worker
2024-06-19T06:10:51.106Z - normal: Start building plugin scripts
2024-06-19T06:10:51.115Z - normal: Generating main.js from /Applications/CocosCreator/Creator/2.4.11/CocosCreator.app/Contents/Resources/static/build-templates/shares/main.js
2024-06-19T06:10:51.120Z - normal: Generating html from /Applications/CocosCreator/Creator/2.4.11/CocosCreator.app/Contents/Resources/static/build-templates/web-mobile/template/index.html
2024-06-19T06:10:51.133Z - info: playable-ads-adapter 开始适配
2024-06-19T06:11:03.078Z - success: playable-ads-adapter 适配完成，共耗时12秒
2024-06-19T06:11:03.097Z - normal: Built to "/Users/a1/FruitsGoal_Ad/build/web-mobile" successfully
2024-06-19T09:50:39.804Z - info: shutdown preview server
